Added Component: Designator=A1(HDR1X6)
Add component. Clean all parameters for all variants
Add component (AddParameter): Name = "LatestRevisionDate"; Value = "17-Jul-2002"; VariantName = "[No Variations]"
Add component (AddParameter): Name = "LatestRevisionNote"; Value = "Re-released for DXP Platform."; VariantName = "[No Variations]"
Add component (AddParameter): Name = "Publisher"; Value = "Altium Limited"; VariantName = "[No Variations]"
Added Component: Designator=A2(HDR1X6)
Add component. Clean all parameters for all variants
Add component (AddParameter): Name = "LatestRevisionDate"; Value = "17-Jul-2002"; VariantName = "[No Variations]"
Add component (AddParameter): Name = "LatestRevisionNote"; Value = "Re-released for DXP Platform."; VariantName = "[No Variations]"
Add component (AddParameter): Name = "Publisher"; Value = "Altium Limited"; VariantName = "[No Variations]"
Added Component: Designator=A3(HDR1X6)
Add component. Clean all parameters for all variants
Add component (AddParameter): Name = "LatestRevisionDate"; Value = "17-Jul-2002"; VariantName = "[No Variations]"
Add component (AddParameter): Name = "LatestRevisionNote"; Value = "Re-released for DXP Platform."; VariantName = "[No Variations]"
Add component (AddParameter): Name = "Publisher"; Value = "Altium Limited"; VariantName = "[No Variations]"
Added Component: Designator=A4(HDR1X6)
Add component. Clean all parameters for all variants
Add component (AddParameter): Name = "LatestRevisionDate"; Value = "17-Jul-2002"; VariantName = "[No Variations]"
Add component (AddParameter): Name = "LatestRevisionNote"; Value = "Re-released for DXP Platform."; VariantName = "[No Variations]"
Add component (AddParameter): Name = "Publisher"; Value = "Altium Limited"; VariantName = "[No Variations]"
Added Component: Designator=A5(HDR1X6)
Add component. Clean all parameters for all variants
Add component (AddParameter): Name = "LatestRevisionDate"; Value = "17-Jul-2002"; VariantName = "[No Variations]"
Add component (AddParameter): Name = "LatestRevisionNote"; Value = "Re-released for DXP Platform."; VariantName = "[No Variations]"
Add component (AddParameter): Name = "Publisher"; Value = "Altium Limited"; VariantName = "[No Variations]"
Added Component: Designator=A6(HDR1X6)
Add component. Clean all parameters for all variants
Add component (AddParameter): Name = "LatestRevisionDate"; Value = "17-Jul-2002"; VariantName = "[No Variations]"
Add component (AddParameter): Name = "LatestRevisionNote"; Value = "Re-released for DXP Platform."; VariantName = "[No Variations]"
Add component (AddParameter): Name = "Publisher"; Value = "Altium Limited"; VariantName = "[No Variations]"
Added Component: Designator=A7(HDR1X6)
Add component. Clean all parameters for all variants
Add component (AddParameter): Name = "LatestRevisionDate"; Value = "17-Jul-2002"; VariantName = "[No Variations]"
Add component (AddParameter): Name = "LatestRevisionNote"; Value = "Re-released for DXP Platform."; VariantName = "[No Variations]"
Add component (AddParameter): Name = "Publisher"; Value = "Altium Limited"; VariantName = "[No Variations]"
Added Component: Designator=A8(HDR1X6)
Add component. Clean all parameters for all variants
Add component (AddParameter): Name = "LatestRevisionDate"; Value = "17-Jul-2002"; VariantName = "[No Variations]"
Add component (AddParameter): Name = "LatestRevisionNote"; Value = "Re-released for DXP Platform."; VariantName = "[No Variations]"
Add component (AddParameter): Name = "Publisher"; Value = "Altium Limited"; VariantName = "[No Variations]"
Added Component: Designator=C1(RAD-0.3)
Add component. Clean all parameters for all variants
Add component (AddParameter): Name = "LatestRevisionDate"; Value = "17-Jul-2002"; VariantName = "[No Variations]"
Add component (AddParameter): Name = "LatestRevisionNote"; Value = "Re-released for DXP Platform."; VariantName = "[No Variations]"
Add component (AddParameter): Name = "PackageDescription"; Value = "Radial Cap, Thru-Hole; 2 Leads; 0.3 in Pin Spacing"; VariantName = "[No Variations]"
Add component (AddParameter): Name = "PackageReference"; Value = "RAD-0.3"; VariantName = "[No Variations]"
Add component (AddParameter): Name = "Published"; Value = "8-Jun-2000"; VariantName = "[No Variations]"
Add component (AddParameter): Name = "Publisher"; Value = "Altium Limited"; VariantName = "[No Variations]"
Add component (AddParameter): Name = "Value"; Value = "22pF"; VariantName = "[No Variations]"
Added Component: Designator=C2(RAD-0.3)
Add component. Clean all parameters for all variants
Add component (AddParameter): Name = "LatestRevisionDate"; Value = "17-Jul-2002"; VariantName = "[No Variations]"
Add component (AddParameter): Name = "LatestRevisionNote"; Value = "Re-released for DXP Platform."; VariantName = "[No Variations]"
Add component (AddParameter): Name = "PackageDescription"; Value = "Radial Cap, Thru-Hole; 2 Leads; 0.3 in Pin Spacing"; VariantName = "[No Variations]"
Add component (AddParameter): Name = "PackageReference"; Value = "RAD-0.3"; VariantName = "[No Variations]"
Add component (AddParameter): Name = "Published"; Value = "8-Jun-2000"; VariantName = "[No Variations]"
Add component (AddParameter): Name = "Publisher"; Value = "Altium Limited"; VariantName = "[No Variations]"
Add component (AddParameter): Name = "Value"; Value = "22pF"; VariantName = "[No Variations]"
Added Component: Designator=D1(HDR1X6)
Add component. Clean all parameters for all variants
Add component (AddParameter): Name = "LatestRevisionDate"; Value = "17-Jul-2002"; VariantName = "[No Variations]"
Add component (AddParameter): Name = "LatestRevisionNote"; Value = "Re-released for DXP Platform."; VariantName = "[No Variations]"
Add component (AddParameter): Name = "Publisher"; Value = "Altium Limited"; VariantName = "[No Variations]"
Added Component: Designator=D2(HDR1X6)
Add component. Clean all parameters for all variants
Add component (AddParameter): Name = "LatestRevisionDate"; Value = "17-Jul-2002"; VariantName = "[No Variations]"
Add component (AddParameter): Name = "LatestRevisionNote"; Value = "Re-released for DXP Platform."; VariantName = "[No Variations]"
Add component (AddParameter): Name = "Publisher"; Value = "Altium Limited"; VariantName = "[No Variations]"
Added Component: Designator=D3(HDR1X6)
Add component. Clean all parameters for all variants
Add component (AddParameter): Name = "LatestRevisionDate"; Value = "17-Jul-2002"; VariantName = "[No Variations]"
Add component (AddParameter): Name = "LatestRevisionNote"; Value = "Re-released for DXP Platform."; VariantName = "[No Variations]"
Add component (AddParameter): Name = "Publisher"; Value = "Altium Limited"; VariantName = "[No Variations]"
Added Component: Designator=D4(HDR1X6)
Add component. Clean all parameters for all variants
Add component (AddParameter): Name = "LatestRevisionDate"; Value = "17-Jul-2002"; VariantName = "[No Variations]"
Add component (AddParameter): Name = "LatestRevisionNote"; Value = "Re-released for DXP Platform."; VariantName = "[No Variations]"
Add component (AddParameter): Name = "Publisher"; Value = "Altium Limited"; VariantName = "[No Variations]"
Added Component: Designator=D5(HDR1X6)
Add component. Clean all parameters for all variants
Add component (AddParameter): Name = "LatestRevisionDate"; Value = "17-Jul-2002"; VariantName = "[No Variations]"
Add component (AddParameter): Name = "LatestRevisionNote"; Value = "Re-released for DXP Platform."; VariantName = "[No Variations]"
Add component (AddParameter): Name = "Publisher"; Value = "Altium Limited"; VariantName = "[No Variations]"
Added Component: Designator=D6(HDR1X6)
Add component. Clean all parameters for all variants
Add component (AddParameter): Name = "LatestRevisionDate"; Value = "17-Jul-2002"; VariantName = "[No Variations]"
Add component (AddParameter): Name = "LatestRevisionNote"; Value = "Re-released for DXP Platform."; VariantName = "[No Variations]"
Add component (AddParameter): Name = "Publisher"; Value = "Altium Limited"; VariantName = "[No Variations]"
Added Component: Designator=ICSP(HDR2X3)
Add component. Clean all parameters for all variants
Add component (AddParameter): Name = "LatestRevisionDate"; Value = "17-Jul-2002"; VariantName = "[No Variations]"
Add component (AddParameter): Name = "LatestRevisionNote"; Value = "Re-released for DXP Platform."; VariantName = "[No Variations]"
Add component (AddParameter): Name = "Publisher"; Value = "Altium Limited"; VariantName = "[No Variations]"
Added Component: Designator=J1(TECO-5555153-1_V)
Add component. Clean all parameters for all variants
Add component (AddParameter): Name = "3D Model"; Value = "5555153-1.pdf"; VariantName = "[No Variations]"
Add component (AddParameter): Name = "Catalog Drawings"; Value = "JackSideEntryRightAngle

JackSideEntryRightAngleTop"; VariantName = "[No Variations]"
Add component (AddParameter): Name = "Category"; Value = "Connectors,Interconnects"; VariantName = "[No Variations]"
Add component (AddParameter): Name = "Connector Type"; Value = "Jack"; VariantName = "[No Variations]"
Add component (AddParameter): Name = "Contact Finish"; Value = "Gold"; VariantName = "[No Variations]"
Add component (AddParameter): Name = "Contact Finish Thickness"; Value = "50µin(1.27µm)"; VariantName = "[No Variations]"
Add component (AddParameter): Name = "Contact Material"; Value = "PhosphorBronze"; VariantName = "[No Variations]"
Add component (AddParameter): Name = "Datasheet URL"; Value = "http://www.te.com/commerce/DocumentDelivery/DDEController?Action=srchrtrv&DocNm=5555153&DocType=Customer+Drawing&DocLang=English&DocFormat=pdf&PartCntxt=5555153-1"; VariantName = "[No Variations]"
Add component (AddParameter): Name = "Datasheet Version"; Value = "Rev. D2, 05/2016"; VariantName = "[No Variations]"
Add component (AddParameter): Name = "Dynamic Catalog"; Value = "ModularJacks"; VariantName = "[No Variations]"
Add component (AddParameter): Name = "Family"; Value = "ModularConnectors-Jacks"; VariantName = "[No Variations]"
Add component (AddParameter): Name = "Features"; Value = "BoardLock,PanelStops"; VariantName = "[No Variations]"
Add component (AddParameter): Name = "Housing Material"; Value = "PolybutyleneTerephthalate(PBT),Polyester"; VariantName = "[No Variations]"
Add component (AddParameter): Name = "LED Color"; Value = "DoesNotContainLED"; VariantName = "[No Variations]"
Add component (AddParameter): Name = "Manufacturer"; Value = "TE Connectivity"; VariantName = "[No Variations]"
Add component (AddParameter): Name = "Manufacturer URL"; Value = "http://www.te.com/"; VariantName = "[No Variations]"
Add component (AddParameter): Name = "Mounting Technology"; Value = "ThroughHole"; VariantName = "[No Variations]"
Add component (AddParameter): Name = "Mounting Type"; Value = "ThroughHole"; VariantName = "[No Variations]"
Add component (AddParameter): Name = "Number of Ports"; Value = "1"; VariantName = "[No Variations]"
Add component (AddParameter): Name = "Number of Positions/Contacts"; Value = "8p8c(RJ45,Ethernet)"; VariantName = "[No Variations]"
Add component (AddParameter): Name = "Number of Rows"; Value = "1"; VariantName = "[No Variations]"
Add component (AddParameter): Name = "Operating Temperature"; Value = "-40°C~85°C"; VariantName = "[No Variations]"
Add component (AddParameter): Name = "Orientation"; Value = "90°Angle(Right)"; VariantName = "[No Variations]"
Add component (AddParameter): Name = "Other Names"; Value = "A31438"; VariantName = "[No Variations]"
Add component (AddParameter): Name = "Package Description"; Value = "RJ45 Connector, Pitch 1.27 mm, 8 Position, Height 13.08 mm, Tail Length 3.81 mm"; VariantName = "[No Variations]"
Add component (AddParameter): Name = "Package Reference"; Value = "5555153-1"; VariantName = "[No Variations]"
Add component (AddParameter): Name = "Packaging"; Value = "Tray"; VariantName = "[No Variations]"
Add component (AddParameter): Name = "Ratings"; Value = "Cat3"; VariantName = "[No Variations]"
Add component (AddParameter): Name = "RoHS Information"; Value = "5555153-1StatementofCompliance"; VariantName = "[No Variations]"
Add component (AddParameter): Name = "Shielding"; Value = "Shielded"; VariantName = "[No Variations]"
Add component (AddParameter): Name = "Standard Package"; Value = "136"; VariantName = "[No Variations]"
Add component (AddParameter): Name = "Tab Direction"; Value = "Down"; VariantName = "[No Variations]"
Add component (AddParameter): Name = "Termination"; Value = "Solder"; VariantName = "[No Variations]"
Added Component: Designator=J2(TECO-5555153-1_V)
Add component. Clean all parameters for all variants
Add component (AddParameter): Name = "3D Model"; Value = "5555153-1.pdf"; VariantName = "[No Variations]"
Add component (AddParameter): Name = "Catalog Drawings"; Value = "JackSideEntryRightAngle

JackSideEntryRightAngleTop"; VariantName = "[No Variations]"
Add component (AddParameter): Name = "Category"; Value = "Connectors,Interconnects"; VariantName = "[No Variations]"
Add component (AddParameter): Name = "Connector Type"; Value = "Jack"; VariantName = "[No Variations]"
Add component (AddParameter): Name = "Contact Finish"; Value = "Gold"; VariantName = "[No Variations]"
Add component (AddParameter): Name = "Contact Finish Thickness"; Value = "50µin(1.27µm)"; VariantName = "[No Variations]"
Add component (AddParameter): Name = "Contact Material"; Value = "PhosphorBronze"; VariantName = "[No Variations]"
Add component (AddParameter): Name = "Datasheet URL"; Value = "http://www.te.com/commerce/DocumentDelivery/DDEController?Action=srchrtrv&DocNm=5555153&DocType=Customer+Drawing&DocLang=English&DocFormat=pdf&PartCntxt=5555153-1"; VariantName = "[No Variations]"
Add component (AddParameter): Name = "Datasheet Version"; Value = "Rev. D2, 05/2016"; VariantName = "[No Variations]"
Add component (AddParameter): Name = "Dynamic Catalog"; Value = "ModularJacks"; VariantName = "[No Variations]"
Add component (AddParameter): Name = "Family"; Value = "ModularConnectors-Jacks"; VariantName = "[No Variations]"
Add component (AddParameter): Name = "Features"; Value = "BoardLock,PanelStops"; VariantName = "[No Variations]"
Add component (AddParameter): Name = "Housing Material"; Value = "PolybutyleneTerephthalate(PBT),Polyester"; VariantName = "[No Variations]"
Add component (AddParameter): Name = "LED Color"; Value = "DoesNotContainLED"; VariantName = "[No Variations]"
Add component (AddParameter): Name = "Manufacturer"; Value = "TE Connectivity"; VariantName = "[No Variations]"
Add component (AddParameter): Name = "Manufacturer URL"; Value = "http://www.te.com/"; VariantName = "[No Variations]"
Add component (AddParameter): Name = "Mounting Technology"; Value = "ThroughHole"; VariantName = "[No Variations]"
Add component (AddParameter): Name = "Mounting Type"; Value = "ThroughHole"; VariantName = "[No Variations]"
Add component (AddParameter): Name = "Number of Ports"; Value = "1"; VariantName = "[No Variations]"
Add component (AddParameter): Name = "Number of Positions/Contacts"; Value = "8p8c(RJ45,Ethernet)"; VariantName = "[No Variations]"
Add component (AddParameter): Name = "Number of Rows"; Value = "1"; VariantName = "[No Variations]"
Add component (AddParameter): Name = "Operating Temperature"; Value = "-40°C~85°C"; VariantName = "[No Variations]"
Add component (AddParameter): Name = "Orientation"; Value = "90°Angle(Right)"; VariantName = "[No Variations]"
Add component (AddParameter): Name = "Other Names"; Value = "A31438"; VariantName = "[No Variations]"
Add component (AddParameter): Name = "Package Description"; Value = "RJ45 Connector, Pitch 1.27 mm, 8 Position, Height 13.08 mm, Tail Length 3.81 mm"; VariantName = "[No Variations]"
Add component (AddParameter): Name = "Package Reference"; Value = "5555153-1"; VariantName = "[No Variations]"
Add component (AddParameter): Name = "Packaging"; Value = "Tray"; VariantName = "[No Variations]"
Add component (AddParameter): Name = "Ratings"; Value = "Cat3"; VariantName = "[No Variations]"
Add component (AddParameter): Name = "RoHS Information"; Value = "5555153-1StatementofCompliance"; VariantName = "[No Variations]"
Add component (AddParameter): Name = "Shielding"; Value = "Shielded"; VariantName = "[No Variations]"
Add component (AddParameter): Name = "Standard Package"; Value = "136"; VariantName = "[No Variations]"
Add component (AddParameter): Name = "Tab Direction"; Value = "Down"; VariantName = "[No Variations]"
Add component (AddParameter): Name = "Termination"; Value = "Solder"; VariantName = "[No Variations]"
Added Component: Designator=K1(G6E-134P-US)
Add component. Clean all parameters for all variants
Add component (AddParameter): Name = "Allied_Number"; Value = "70381892"; VariantName = "[No Variations]"
Add component (AddParameter): Name = "Allied Price/Stock"; Value = "https://www.alliedelec.com/omron-electronic-components-g6e-134p-st-us-dc6/70381892/"; VariantName = "[No Variations]"
Add component (AddParameter): Name = "Datasheet Link"; Value = "http://omronfs.omron.com/en_US/ecb/products/pdf/en-g6e.pdf"; VariantName = "[No Variations]"
Add component (AddParameter): Name = "Manufacturer_Name"; Value = "Omron Electronics"; VariantName = "[No Variations]"
Add component (AddParameter): Name = "Manufacturer_Part_Number"; Value = "G6E-134P-ST-US-DC6"; VariantName = "[No Variations]"
Add component (AddParameter): Name = "Mouser Part Number"; Value = "653-G6E134PSTUSDC6"; VariantName = "[No Variations]"
Add component (AddParameter): Name = "Mouser Price/Stock"; Value = "https://www.mouser.com/Search/Refine.aspx?Keyword=653-G6E134PSTUSDC6"; VariantName = "[No Variations]"
Add component (AddParameter): Name = "RS Part Number"; Value = ""; VariantName = "[No Variations]"
Add component (AddParameter): Name = "RS Price/Stock"; Value = ""; VariantName = "[No Variations]"
Added Component: Designator=LED1(LEDC1608X65N)
Add component. Clean all parameters for all variants
Add component (AddParameter): Name = "Datasheet Link"; Value = "https://componentsearchengine.com/Datasheets/1/SML-D12U1WT86.pdf"; VariantName = "[No Variations]"
Add component (AddParameter): Name = "Height"; Value = "0.65mm"; VariantName = "[No Variations]"
Add component (AddParameter): Name = "Manufacturer_Name"; Value = "ROHM Semiconductor"; VariantName = "[No Variations]"
Add component (AddParameter): Name = "Manufacturer_Part_Number"; Value = "SML-D12U1WT86"; VariantName = "[No Variations]"
Add component (AddParameter): Name = "Mouser Part Number"; Value = "755-SML-D12U1WT86"; VariantName = "[No Variations]"
Add component (AddParameter): Name = "Mouser Price/Stock"; Value = "https://www.mouser.com/Search/Refine.aspx?Keyword=755-SML-D12U1WT86"; VariantName = "[No Variations]"
Add component (AddParameter): Name = "RS Part Number"; Value = "1332870"; VariantName = "[No Variations]"
Add component (AddParameter): Name = "RS Price/Stock"; Value = "http://uk.rs-online.com/web/p/products/1332870"; VariantName = "[No Variations]"
Added Component: Designator=M1(HDR1X2)
Add component. Clean all parameters for all variants
Add component (AddParameter): Name = "LatestRevisionDate"; Value = "17-Jul-2002"; VariantName = "[No Variations]"
Add component (AddParameter): Name = "LatestRevisionNote"; Value = "Re-released for DXP Platform."; VariantName = "[No Variations]"
Add component (AddParameter): Name = "Publisher"; Value = "Altium Limited"; VariantName = "[No Variations]"
Added Component: Designator=P1(HDR1X4)
Add component. Clean all parameters for all variants
Add component (AddParameter): Name = "LatestRevisionDate"; Value = "17-Jul-2002"; VariantName = "[No Variations]"
Add component (AddParameter): Name = "LatestRevisionNote"; Value = "Re-released for DXP Platform."; VariantName = "[No Variations]"
Add component (AddParameter): Name = "Publisher"; Value = "Altium Limited"; VariantName = "[No Variations]"
Added Component: Designator=P2(HDR1X2)
Add component. Clean all parameters for all variants
Add component (AddParameter): Name = "LatestRevisionDate"; Value = "17-Jul-2002"; VariantName = "[No Variations]"
Add component (AddParameter): Name = "LatestRevisionNote"; Value = "Re-released for DXP Platform."; VariantName = "[No Variations]"
Add component (AddParameter): Name = "Publisher"; Value = "Altium Limited"; VariantName = "[No Variations]"
Added Component: Designator=P3(HDR1X2)
Add component. Clean all parameters for all variants
Add component (AddParameter): Name = "LatestRevisionDate"; Value = "17-Jul-2002"; VariantName = "[No Variations]"
Add component (AddParameter): Name = "LatestRevisionNote"; Value = "Re-released for DXP Platform."; VariantName = "[No Variations]"
Add component (AddParameter): Name = "Publisher"; Value = "Altium Limited"; VariantName = "[No Variations]"
Added Component: Designator=P4(HDR1X2)
Add component. Clean all parameters for all variants
Add component (AddParameter): Name = "LatestRevisionDate"; Value = "17-Jul-2002"; VariantName = "[No Variations]"
Add component (AddParameter): Name = "LatestRevisionNote"; Value = "Re-released for DXP Platform."; VariantName = "[No Variations]"
Add component (AddParameter): Name = "Publisher"; Value = "Altium Limited"; VariantName = "[No Variations]"
Added Component: Designator=P5(HDR1X2)
Add component. Clean all parameters for all variants
Add component (AddParameter): Name = "LatestRevisionDate"; Value = "17-Jul-2002"; VariantName = "[No Variations]"
Add component (AddParameter): Name = "LatestRevisionNote"; Value = "Re-released for DXP Platform."; VariantName = "[No Variations]"
Add component (AddParameter): Name = "Publisher"; Value = "Altium Limited"; VariantName = "[No Variations]"
Added Component: Designator=P7(HDR1X2)
Add component. Clean all parameters for all variants
Add component (AddParameter): Name = "LatestRevisionDate"; Value = "17-Jul-2002"; VariantName = "[No Variations]"
Add component (AddParameter): Name = "LatestRevisionNote"; Value = "Re-released for DXP Platform."; VariantName = "[No Variations]"
Add component (AddParameter): Name = "Publisher"; Value = "Altium Limited"; VariantName = "[No Variations]"
Added Component: Designator=P8(HDR1X2)
Add component. Clean all parameters for all variants
Add component (AddParameter): Name = "LatestRevisionDate"; Value = "17-Jul-2002"; VariantName = "[No Variations]"
Add component (AddParameter): Name = "LatestRevisionNote"; Value = "Re-released for DXP Platform."; VariantName = "[No Variations]"
Add component (AddParameter): Name = "Publisher"; Value = "Altium Limited"; VariantName = "[No Variations]"
Added Component: Designator=P9(HDR1X2)
Add component. Clean all parameters for all variants
Add component (AddParameter): Name = "LatestRevisionDate"; Value = "17-Jul-2002"; VariantName = "[No Variations]"
Add component (AddParameter): Name = "LatestRevisionNote"; Value = "Re-released for DXP Platform."; VariantName = "[No Variations]"
Add component (AddParameter): Name = "Publisher"; Value = "Altium Limited"; VariantName = "[No Variations]"
Added Component: Designator=P10(HDR1X2)
Add component. Clean all parameters for all variants
Add component (AddParameter): Name = "LatestRevisionDate"; Value = "17-Jul-2002"; VariantName = "[No Variations]"
Add component (AddParameter): Name = "LatestRevisionNote"; Value = "Re-released for DXP Platform."; VariantName = "[No Variations]"
Add component (AddParameter): Name = "Publisher"; Value = "Altium Limited"; VariantName = "[No Variations]"
Added Component: Designator=P11(HDR1X2)
Add component. Clean all parameters for all variants
Add component (AddParameter): Name = "LatestRevisionDate"; Value = "17-Jul-2002"; VariantName = "[No Variations]"
Add component (AddParameter): Name = "LatestRevisionNote"; Value = "Re-released for DXP Platform."; VariantName = "[No Variations]"
Add component (AddParameter): Name = "Publisher"; Value = "Altium Limited"; VariantName = "[No Variations]"
Added Component: Designator=P12(HDR1X2)
Add component. Clean all parameters for all variants
Add component (AddParameter): Name = "LatestRevisionDate"; Value = "17-Jul-2002"; VariantName = "[No Variations]"
Add component (AddParameter): Name = "LatestRevisionNote"; Value = "Re-released for DXP Platform."; VariantName = "[No Variations]"
Add component (AddParameter): Name = "Publisher"; Value = "Altium Limited"; VariantName = "[No Variations]"
Added Component: Designator=P15(HDR1X2)
Add component. Clean all parameters for all variants
Add component (AddParameter): Name = "LatestRevisionDate"; Value = "17-Jul-2002"; VariantName = "[No Variations]"
Add component (AddParameter): Name = "LatestRevisionNote"; Value = "Re-released for DXP Platform."; VariantName = "[No Variations]"
Add component (AddParameter): Name = "Publisher"; Value = "Altium Limited"; VariantName = "[No Variations]"
Added Component: Designator=P16(HDR1X2)
Add component. Clean all parameters for all variants
Add component (AddParameter): Name = "LatestRevisionDate"; Value = "17-Jul-2002"; VariantName = "[No Variations]"
Add component (AddParameter): Name = "LatestRevisionNote"; Value = "Re-released for DXP Platform."; VariantName = "[No Variations]"
Add component (AddParameter): Name = "Publisher"; Value = "Altium Limited"; VariantName = "[No Variations]"
Added Component: Designator=P17(HDR1X2)
Add component. Clean all parameters for all variants
Add component (AddParameter): Name = "LatestRevisionDate"; Value = "17-Jul-2002"; VariantName = "[No Variations]"
Add component (AddParameter): Name = "LatestRevisionNote"; Value = "Re-released for DXP Platform."; VariantName = "[No Variations]"
Add component (AddParameter): Name = "Publisher"; Value = "Altium Limited"; VariantName = "[No Variations]"
Added Component: Designator=P18(HDR1X2)
Add component. Clean all parameters for all variants
Add component (AddParameter): Name = "LatestRevisionDate"; Value = "17-Jul-2002"; VariantName = "[No Variations]"
Add component (AddParameter): Name = "LatestRevisionNote"; Value = "Re-released for DXP Platform."; VariantName = "[No Variations]"
Add component (AddParameter): Name = "Publisher"; Value = "Altium Limited"; VariantName = "[No Variations]"
Added Component: Designator=P19(HDR1X2)
Add component. Clean all parameters for all variants
Add component (AddParameter): Name = "LatestRevisionDate"; Value = "17-Jul-2002"; VariantName = "[No Variations]"
Add component (AddParameter): Name = "LatestRevisionNote"; Value = "Re-released for DXP Platform."; VariantName = "[No Variations]"
Add component (AddParameter): Name = "Publisher"; Value = "Altium Limited"; VariantName = "[No Variations]"
Added Component: Designator=P20(HDR1X2)
Add component. Clean all parameters for all variants
Add component (AddParameter): Name = "LatestRevisionDate"; Value = "17-Jul-2002"; VariantName = "[No Variations]"
Add component (AddParameter): Name = "LatestRevisionNote"; Value = "Re-released for DXP Platform."; VariantName = "[No Variations]"
Add component (AddParameter): Name = "Publisher"; Value = "Altium Limited"; VariantName = "[No Variations]"
Added Component: Designator=R17(RESAD1550W60L630D230)
Add component. Clean all parameters for all variants
Add component (AddParameter): Name = "Allied_Number"; Value = "70300029"; VariantName = "[No Variations]"
Add component (AddParameter): Name = "Allied Price/Stock"; Value = "https://www.alliedelec.com/te-connectivity-yr1b1m0cc/70300029/"; VariantName = "[No Variations]"
Add component (AddParameter): Name = "Datasheet Link"; Value = "http://www.te.com/commerce/DocumentDelivery/DDEController?Action=showdoc&DocId=Data+Sheet%7F1773265%7FA%7Fpdf%7FEnglish%7FENG_DS_1773265_A.pdf%7F2-1676913-7"; VariantName = "[No Variations]"
Add component (AddParameter): Name = "Manufacturer_Name"; Value = "TE Connectivity"; VariantName = "[No Variations]"
Add component (AddParameter): Name = "Manufacturer_Part_Number"; Value = "YR1B1M0CC"; VariantName = "[No Variations]"
Add component (AddParameter): Name = "Mouser Part Number"; Value = "279-YR1B1M0CC"; VariantName = "[No Variations]"
Add component (AddParameter): Name = "Mouser Price/Stock"; Value = "https://www.mouser.com/Search/Refine.aspx?Keyword=279-YR1B1M0CC"; VariantName = "[No Variations]"
Add component (AddParameter): Name = "RS Part Number"; Value = "1649061"; VariantName = "[No Variations]"
Add component (AddParameter): Name = "RS Price/Stock"; Value = "http://uk.rs-online.com/web/p/products/1649061"; VariantName = "[No Variations]"
Added Component: Designator=S1(HDR1X2)
Add component. Clean all parameters for all variants
Add component (AddParameter): Name = "LatestRevisionDate"; Value = "17-Jul-2002"; VariantName = "[No Variations]"
Add component (AddParameter): Name = "LatestRevisionNote"; Value = "Re-released for DXP Platform."; VariantName = "[No Variations]"
Add component (AddParameter): Name = "Publisher"; Value = "Altium Limited"; VariantName = "[No Variations]"
Added Component: Designator=S2(HDR1X2)
Add component. Clean all parameters for all variants
Add component (AddParameter): Name = "LatestRevisionDate"; Value = "17-Jul-2002"; VariantName = "[No Variations]"
Add component (AddParameter): Name = "LatestRevisionNote"; Value = "Re-released for DXP Platform."; VariantName = "[No Variations]"
Add component (AddParameter): Name = "Publisher"; Value = "Altium Limited"; VariantName = "[No Variations]"
Added Component: Designator=S3(HDR1X2)
Add component. Clean all parameters for all variants
Add component (AddParameter): Name = "LatestRevisionDate"; Value = "17-Jul-2002"; VariantName = "[No Variations]"
Add component (AddParameter): Name = "LatestRevisionNote"; Value = "Re-released for DXP Platform."; VariantName = "[No Variations]"
Add component (AddParameter): Name = "Publisher"; Value = "Altium Limited"; VariantName = "[No Variations]"
Added Component: Designator=U1(28P3)
Add component. Clean all parameters for all variants
Add component (AddParameter): Name = "ComponentLink1Description"; Value = "Manufacturer URL"; VariantName = "[No Variations]"
Add component (AddParameter): Name = "ComponentLink1URL"; Value = "http://www.atmel.com/"; VariantName = "[No Variations]"
Add component (AddParameter): Name = "ComponentLink2Description"; Value = "ATmega48A/48PA/88A/88PA/168A/168PA/328/328P Datasheet"; VariantName = "[No Variations]"
Add component (AddParameter): Name = "ComponentLink2URL"; Value = "http://www.atmel.com/dyn/resources/prod_documents/8271.pdf"; VariantName = "[No Variations]"
Add component (AddParameter): Name = "ComponentLink3Description"; Value = "ATmega48A/48PA/88A/88PA/168A/168PA/328/328P Summary"; VariantName = "[No Variations]"
Add component (AddParameter): Name = "ComponentLink3URL"; Value = "http://www.atmel.com/dyn/resources/prod_documents/8271S.pdf"; VariantName = "[No Variations]"
Add component (AddParameter): Name = "DatasheetVersion"; Value = "revD, May-2011"; VariantName = "[No Variations]"
Add component (AddParameter): Name = "PackageReference"; Value = "28P3"; VariantName = "[No Variations]"
Add component (AddParameter): Name = "PackageVersion"; Value = "revB, Sep-2001"; VariantName = "[No Variations]"
Add component (AddParameter): Name = "RevisionNote"; Value = "DatasheetVersion updated. URLs added."; VariantName = "[No Variations]"
Added Component: Designator=U2(DIP762W50P254L712H450Q6N)
Add component. Clean all parameters for all variants
Add component (AddParameter): Name = "Datasheet Link"; Value = "http://uk.rs-online.com/web/p/products/597302"; VariantName = "[No Variations]"
Add component (AddParameter): Name = "Height"; Value = "4.5mm"; VariantName = "[No Variations]"
Add component (AddParameter): Name = "Manufacturer_Name"; Value = "Isocom"; VariantName = "[No Variations]"
Add component (AddParameter): Name = "Manufacturer_Part_Number"; Value = "4N35"; VariantName = "[No Variations]"
Add component (AddParameter): Name = "Mouser Part Number"; Value = ""; VariantName = "[No Variations]"
Add component (AddParameter): Name = "Mouser Price/Stock"; Value = ""; VariantName = "[No Variations]"
Add component (AddParameter): Name = "RS Part Number"; Value = "1712954"; VariantName = "[No Variations]"
Add component (AddParameter): Name = "RS Price/Stock"; Value = "http://uk.rs-online.com/web/p/products/1712954"; VariantName = "[No Variations]"
Added Component: Designator=X1(CFM-HCM49-2_V)
Add component. Clean all parameters for all variants
Add component (AddParameter): Name = "C0"; Value = "7 pF Max."; VariantName = "[No Variations]"
Add component (AddParameter): Name = "ComponentLink1Description"; Value = "Manufacturer URL"; VariantName = "[No Variations]"
Add component (AddParameter): Name = "ComponentLink1URL"; Value = "http://cfm.citizen.co.jp/english/index.html"; VariantName = "[No Variations]"
Add component (AddParameter): Name = "ComponentLink2Description"; Value = "Datasheet"; VariantName = "[No Variations]"
Add component (AddParameter): Name = "ComponentLink2URL"; Value = "http://cfm.citizen.co.jp/english/product/pdf/HCM49.pdf"; VariantName = "[No Variations]"
Add component (AddParameter): Name = "ComponentLink3Description"; Value = "Package Specification"; VariantName = "[No Variations]"
Add component (AddParameter): Name = "ComponentLink3URL"; Value = "http://cfm.citizen.co.jp/english/product/pdf/HCM49.pdf"; VariantName = "[No Variations]"
Add component (AddParameter): Name = "DatasheetVersion"; Value = "Jan-12"; VariantName = "[No Variations]"
Add component (AddParameter): Name = "DL"; Value = "100 uW"; VariantName = "[No Variations]"
Add component (AddParameter): Name = "f0"; Value = "3.5 to 30 MHz"; VariantName = "[No Variations]"
Add component (AddParameter): Name = "IR"; Value = "500 MOhm Min."; VariantName = "[No Variations]"
Add component (AddParameter): Name = "Manufacturer"; Value = "Citizen Finetech Miyota"; VariantName = "[No Variations]"
Add component (AddParameter): Name = "Mounting Technology"; Value = "Surface Mount"; VariantName = "[No Variations]"
Add component (AddParameter): Name = "Operating Temperature"; Value = "-40 to 85 degC"; VariantName = "[No Variations]"
Add component (AddParameter): Name = "PackageDescription"; Value = "2-Pin Surface Mount, Body 11.4 x 4.7 mm, Pitch 8.5 mm"; VariantName = "[No Variations]"
Add component (AddParameter): Name = "Packing"; Value = "Reel"; VariantName = "[No Variations]"
Add component (AddParameter): Name = "PartNumber"; Value = "HCM49-8.000MABJ-UT"; VariantName = "[No Variations]"
Add component (AddParameter): Name = "R1"; Value = "50 to 200 Ohm"; VariantName = "[No Variations]"
Add component (AddParameter): Name = "RoHS"; Value = "TRUE"; VariantName = "[No Variations]"
Added Pin To Net: NetName=A1 Pin=A1-2
Added Pin To Net: NetName=A1 Pin=J1-1
Added Net: Name=A1
Added Pin To Net: NetName=A2 Pin=A2-2
Added Pin To Net: NetName=A2 Pin=J1-2
Added Net: Name=A2
Added Pin To Net: NetName=A3 Pin=A3-2
Added Pin To Net: NetName=A3 Pin=J1-3
Added Net: Name=A3
Added Pin To Net: NetName=A4 Pin=A4-2
Added Pin To Net: NetName=A4 Pin=J1-4
Added Net: Name=A4
Added Pin To Net: NetName=A5 Pin=A5-2
Added Pin To Net: NetName=A5 Pin=J1-5
Added Net: Name=A5
Added Pin To Net: NetName=A6 Pin=A6-2
Added Pin To Net: NetName=A6 Pin=J1-6
Added Net: Name=A6
Added Pin To Net: NetName=A7 Pin=A7-2
Added Pin To Net: NetName=A7 Pin=J1-7
Added Net: Name=A7
Added Pin To Net: NetName=A8 Pin=A8-2
Added Pin To Net: NetName=A8 Pin=J1-8
Added Net: Name=A8
Added Pin To Net: NetName=GND Pin=C1-2
Added Pin To Net: NetName=GND Pin=C2-2
Added Pin To Net: NetName=GND Pin=D1-3
Added Pin To Net: NetName=GND Pin=D2-3
Added Pin To Net: NetName=GND Pin=D3-3
Added Pin To Net: NetName=GND Pin=D4-3
Added Pin To Net: NetName=GND Pin=D5-3
Added Pin To Net: NetName=GND Pin=D6-3
Added Pin To Net: NetName=GND Pin=ICSP-6
Added Pin To Net: NetName=GND Pin=K1-6
Added Pin To Net: NetName=GND Pin=K1-12
Added Pin To Net: NetName=GND Pin=M1-2
Added Pin To Net: NetName=GND Pin=P2-2
Added Pin To Net: NetName=GND Pin=P3-2
Added Pin To Net: NetName=GND Pin=P4-1
Added Pin To Net: NetName=GND Pin=P5-2
Added Pin To Net: NetName=GND Pin=P7-2
Added Pin To Net: NetName=GND Pin=P8-2
Added Pin To Net: NetName=GND Pin=P9-2
Added Pin To Net: NetName=GND Pin=P10-2
Added Pin To Net: NetName=GND Pin=P11-2
Added Pin To Net: NetName=GND Pin=P12-2
Added Pin To Net: NetName=GND Pin=P15-2
Added Pin To Net: NetName=GND Pin=P16-2
Added Pin To Net: NetName=GND Pin=P17-2
Added Pin To Net: NetName=GND Pin=P18-2
Added Pin To Net: NetName=GND Pin=P19-2
Added Pin To Net: NetName=GND Pin=P20-2
Added Pin To Net: NetName=GND Pin=R17-2
Added Pin To Net: NetName=GND Pin=U1-8
Added Pin To Net: NetName=GND Pin=U2-2
Added Net: Name=GND
Added Pin To Net: NetName=IGN_OUT Pin=U2-4
Added Net: Name=IGN_OUT
Added Pin To Net: NetName=IGN SFT Pin=J2-1
Added Pin To Net: NetName=IGN SFT Pin=S1-2
Added Net: Name=IGN SFT
Added Pin To Net: NetName=LNCH SFT Pin=J2-3
Added Pin To Net: NetName=LNCH SFT Pin=S3-2
Added Net: Name=LNCH SFT
Added Pin To Net: NetName=NetA1_5 Pin=A1-5
Added Net: Name=NetA1_5
Added Pin To Net: NetName=NetA2_5 Pin=A2-5
Added Net: Name=NetA2_5
Added Pin To Net: NetName=NetA3_5 Pin=A3-5
Added Net: Name=NetA3_5
Added Pin To Net: NetName=NetA4_5 Pin=A4-5
Added Net: Name=NetA4_5
Added Pin To Net: NetName=NetA5_5 Pin=A5-5
Added Net: Name=NetA5_5
Added Pin To Net: NetName=NetA6_5 Pin=A6-5
Added Net: Name=NetA6_5
Added Pin To Net: NetName=NetA7_5 Pin=A7-5
Added Net: Name=NetA7_5
Added Pin To Net: NetName=NetA8_5 Pin=A8-5
Added Net: Name=NetA8_5
Added Pin To Net: NetName=NetC1_1 Pin=C1-1
Added Pin To Net: NetName=NetC1_1 Pin=U1-9
Added Pin To Net: NetName=NetC1_1 Pin=X1-2
Added Net: Name=NetC1_1
Added Pin To Net: NetName=NetC2_1 Pin=C2-1
Added Pin To Net: NetName=NetC2_1 Pin=U1-10
Added Pin To Net: NetName=NetC2_1 Pin=X1-1
Added Net: Name=NetC2_1
Added Pin To Net: NetName=NetD1_5 Pin=D1-5
Added Net: Name=NetD1_5
Added Pin To Net: NetName=NetD2_5 Pin=D2-5
Added Net: Name=NetD2_5
Added Pin To Net: NetName=NetD3_5 Pin=D3-5
Added Net: Name=NetD3_5
Added Pin To Net: NetName=NetD4_5 Pin=D4-5
Added Net: Name=NetD4_5
Added Pin To Net: NetName=NetD5_5 Pin=D5-5
Added Net: Name=NetD5_5
Added Pin To Net: NetName=NetD6_5 Pin=D6-5
Added Net: Name=NetD6_5
Added Pin To Net: NetName=NetLED1_2 Pin=LED1-2
Added Net: Name=NetLED1_2
Added Pin To Net: NetName=NetM1_1 Pin=M1-1
Added Pin To Net: NetName=NetM1_1 Pin=P1-1
Added Pin To Net: NetName=NetM1_1 Pin=P1-3
Added Pin To Net: NetName=NetM1_1 Pin=P4-2
Added Net: Name=NetM1_1
Added Pin To Net: NetName=NetP1_4 Pin=P1-4
Added Net: Name=NetP1_4
Added Pin To Net: NetName=NetP2_1 Pin=P2-1
Added Net: Name=NetP2_1
Added Pin To Net: NetName=NetP3_1 Pin=P3-1
Added Net: Name=NetP3_1
Added Pin To Net: NetName=NetP5_1 Pin=P5-1
Added Net: Name=NetP5_1
Added Pin To Net: NetName=NetP7_1 Pin=P7-1
Added Net: Name=NetP7_1
Added Pin To Net: NetName=NetP8_1 Pin=P8-1
Added Net: Name=NetP8_1
Added Pin To Net: NetName=NetP9_1 Pin=P9-1
Added Net: Name=NetP9_1
Added Pin To Net: NetName=NetP10_1 Pin=P10-1
Added Net: Name=NetP10_1
Added Pin To Net: NetName=NetP11_1 Pin=P11-1
Added Net: Name=NetP11_1
Added Pin To Net: NetName=NetP12_1 Pin=P12-1
Added Net: Name=NetP12_1
Added Pin To Net: NetName=NetP15_1 Pin=P15-1
Added Net: Name=NetP15_1
Added Pin To Net: NetName=NetP16_1 Pin=P16-1
Added Net: Name=NetP16_1
Added Pin To Net: NetName=NetP17_1 Pin=P17-1
Added Net: Name=NetP17_1
Added Pin To Net: NetName=NetP18_1 Pin=P18-1
Added Net: Name=NetP18_1
Added Pin To Net: NetName=NetP19_1 Pin=P19-1
Added Net: Name=NetP19_1
Added Pin To Net: NetName=NetP20_1 Pin=P20-1
Added Net: Name=NetP20_1
Added Pin To Net: NetName=NetR17_1 Pin=R17-1
Added Pin To Net: NetName=NetR17_1 Pin=U2-6
Added Net: Name=NetR17_1
Added Pin To Net: NetName=PB0 Pin=J2-4
Added Pin To Net: NetName=PB0 Pin=U1-14
Added Net: Name=PB0
Added Pin To Net: NetName=PB1 Pin=J2-5
Added Pin To Net: NetName=PB1 Pin=U1-15
Added Net: Name=PB1
Added Pin To Net: NetName=PB2 Pin=J2-6
Added Pin To Net: NetName=PB2 Pin=U1-16
Added Net: Name=PB2
Added Pin To Net: NetName=PB3 Pin=ICSP-4
Added Pin To Net: NetName=PB3 Pin=J2-7
Added Pin To Net: NetName=PB3 Pin=U1-17
Added Net: Name=PB3
Added Pin To Net: NetName=PB4 Pin=ICSP-1
Added Pin To Net: NetName=PB4 Pin=U1-18
Added Pin To Net: NetName=PB4 Pin=U2-1
Added Net: Name=PB4
Added Pin To Net: NetName=PB5 Pin=ICSP-3
Added Pin To Net: NetName=PB5 Pin=U1-19
Added Net: Name=PB5
Added Pin To Net: NetName=PD0 Pin=U1-2
Added Net: Name=PD0
Added Pin To Net: NetName=PD1 Pin=U1-3
Added Net: Name=PD1
Added Pin To Net: NetName=PD2 Pin=D1-2
Added Pin To Net: NetName=PD2 Pin=U1-4
Added Net: Name=PD2
Added Pin To Net: NetName=PD3 Pin=D2-2
Added Pin To Net: NetName=PD3 Pin=U1-5
Added Net: Name=PD3
Added Pin To Net: NetName=PD4 Pin=D3-2
Added Pin To Net: NetName=PD4 Pin=U1-6
Added Net: Name=PD4
Added Pin To Net: NetName=PD5 Pin=D4-2
Added Pin To Net: NetName=PD5 Pin=U1-11
Added Net: Name=PD5
Added Pin To Net: NetName=PD6 Pin=D5-2
Added Pin To Net: NetName=PD6 Pin=U1-12
Added Net: Name=PD6
Added Pin To Net: NetName=PD7 Pin=D6-2
Added Pin To Net: NetName=PD7 Pin=U1-13
Added Net: Name=PD7
Added Pin To Net: NetName=PRESS SFT Pin=J2-2
Added Pin To Net: NetName=PRESS SFT Pin=S2-2
Added Net: Name=PRESS SFT
Added Pin To Net: NetName=RST Pin=ICSP-5
Added Pin To Net: NetName=RST Pin=U1-1
Added Net: Name=RST
Added Pin To Net: NetName=SGND Pin=A1-3
Added Pin To Net: NetName=SGND Pin=A2-3
Added Pin To Net: NetName=SGND Pin=A3-3
Added Pin To Net: NetName=SGND Pin=A4-3
Added Pin To Net: NetName=SGND Pin=A5-3
Added Pin To Net: NetName=SGND Pin=A6-3
Added Pin To Net: NetName=SGND Pin=A7-3
Added Pin To Net: NetName=SGND Pin=A8-3
Added Pin To Net: NetName=SGND Pin=J2-8
Added Pin To Net: NetName=SGND Pin=K1-7
Added Pin To Net: NetName=SGND Pin=S1-1
Added Pin To Net: NetName=SGND Pin=S2-1
Added Pin To Net: NetName=SGND Pin=S3-1
Added Net: Name=SGND
Added Pin To Net: NetName=VCC Pin=A1-6
Added Pin To Net: NetName=VCC Pin=A2-6
Added Pin To Net: NetName=VCC Pin=A3-6
Added Pin To Net: NetName=VCC Pin=A4-6
Added Pin To Net: NetName=VCC Pin=A5-6
Added Pin To Net: NetName=VCC Pin=A6-6
Added Pin To Net: NetName=VCC Pin=A7-6
Added Pin To Net: NetName=VCC Pin=A8-6
Added Pin To Net: NetName=VCC Pin=D1-1
Added Pin To Net: NetName=VCC Pin=D1-6
Added Pin To Net: NetName=VCC Pin=D2-1
Added Pin To Net: NetName=VCC Pin=D2-6
Added Pin To Net: NetName=VCC Pin=D3-1
Added Pin To Net: NetName=VCC Pin=D3-6
Added Pin To Net: NetName=VCC Pin=D4-1
Added Pin To Net: NetName=VCC Pin=D4-6
Added Pin To Net: NetName=VCC Pin=D5-1
Added Pin To Net: NetName=VCC Pin=D5-6
Added Pin To Net: NetName=VCC Pin=D6-1
Added Pin To Net: NetName=VCC Pin=D6-6
Added Pin To Net: NetName=VCC Pin=ICSP-2
Added Pin To Net: NetName=VCC Pin=K1-1
Added Pin To Net: NetName=VCC Pin=P1-2
Added Pin To Net: NetName=VCC Pin=U1-7
Added Pin To Net: NetName=VCC Pin=U2-5
Added Net: Name=VCC
Added Class: Name=Sheet1
Added Room: Name=Sheet1
